<?xml version="1.0" encoding="UTF-8"?>
<testng-results ignored="0" total="1" passed="1" failed="0" skipped="0">
  <reporter-output>
  </reporter-output>
  <suite started-at="2024-06-25T18:41:33 EDT" name="Suite" finished-at="2024-06-25T18:41:51 EDT" duration-ms="17703">
    <groups>
    </groups>
    <test started-at="2024-06-25T18:41:33 EDT" name="Test" finished-at="2024-06-25T18:41:51 EDT" duration-ms="17703">
      <class name="testcases.LoginTestCRM">
        <test-method is-config="true" signature="setupSuite()[pri:0, instance:testcases.LoginTestCRM@f0c8a99]" started-at="2024-06-25T18:41:33 EDT" name="setupSuite" finished-at="2024-06-25T18:41:33 EDT" duration-ms="576" status="PASS">
          <reporter-output>
          </reporter-output>
        </test-method> <!-- setupSuite -->
        <test-method is-config="true" signature="setup()[pri:0, instance:testcases.LoginTestCRM@f0c8a99]" started-at="2024-06-25T18:41:34 EDT" name="setup" finished-at="2024-06-25T18:41:47 EDT" duration-ms="13387" status="PASS">
          <reporter-output>
          </reporter-output>
        </test-method> <!-- setup -->
        <test-method signature="loginApp()[pri:0, instance:testcases.LoginTestCRM@f0c8a99]" started-at="2024-06-25T18:41:47 EDT" name="loginApp" finished-at="2024-06-25T18:41:50 EDT" duration-ms="3151" status="PASS">
          <reporter-output>
          </reporter-output>
        </test-method> <!-- loginApp -->
        <test-method is-config="true" signature="tearDownMethod(org.testng.ITestResult)[pri:0, instance:testcases.LoginTestCRM@f0c8a99]" started-at="2024-06-25T18:41:50 EDT" name="tearDownMethod" finished-at="2024-06-25T18:41:51 EDT" duration-ms="768" status="PASS">
          <params>
            <param index="0">
              <value>
                <![CDATA[[TestResult name=loginApp status=SUCCESS method=LoginTestCRM.loginApp()[pri:0, instance:testcases.LoginTestCRM@f0c8a99] output={null}]]]>
              </value>
            </param>
          </params>
          <reporter-output>
          </reporter-output>
        </test-method> <!-- tearDownMethod -->
        <test-method is-config="true" signature="tearDown()[pri:0, instance:testcases.LoginTestCRM@f0c8a99]" started-at="2024-06-25T18:41:51 EDT" name="tearDown" finished-at="2024-06-25T18:41:51 EDT" duration-ms="365" status="PASS">
          <reporter-output>
          </reporter-output>
        </test-method> <!-- tearDown -->
      </class> <!-- testcases.LoginTestCRM -->
    </test> <!-- Test -->
  </suite> <!-- Suite -->
</testng-results>
